{
	"/home/stijn/developer/personal/nextjs-template/controllers/sum.tsx": {
		"path": "/home/stijn/developer/personal/nextjs-template/controllers/sum.tsx",
		"statementMap": {
			"0": {
				"start": { "line": 1, "column": 19 },
				"end": { "line": 2, "column": 5 }
			},
			"1": {
				"start": { "line": 1, "column": 20 },
				"end": { "line": 1, "column": 36 }
			},
			"2": {
				"start": { "line": 2, "column": 1 },
				"end": { "line": 2, "column": null }
			},
			"3": {
				"start": { "line": 2, "column": 31 },
				"end": { "line": 2, "column": 42 }
			},
			"4": {
				"start": { "line": 1, "column": 13 },
				"end": { "line": 1, "column": 19 }
			}
		},
		"fnMap": {
			"0": {
				"name": "(anonymous_1)",
				"decl": {
					"start": { "line": 1, "column": 19 },
					"end": { "line": 1, "column": 20 }
				},
				"loc": {
					"start": { "line": 1, "column": 19 },
					"end": { "line": 2, "column": 5 }
				}
			},
			"1": {
				"name": "(anonymous_2)",
				"decl": {
					"start": { "line": 2, "column": 17 },
					"end": { "line": 2, "column": 18 }
				},
				"loc": {
					"start": { "line": 2, "column": 26 },
					"end": { "line": 2, "column": 34 }
				}
			}
		},
		"branchMap": {},
		"s": { "0": 1, "1": 4, "2": 1, "3": 2, "4": 1 },
		"f": { "0": 1, "1": 2 },
		"b": {}
	}
}
